<?xml version="1.0" encoding="UTF-8"?>
<!-- Generated by org.testng.reporters.JUnitXMLReporter -->
<testsuite hostname="DESKTOP-RDCOTE9" ignored="0" name="Default test" tests="3" failures="0" timestamp="2020-06-08T18:59:29 IST" time="2.063" errors="0">
  <testcase name="@BeforeMethod setUpMethod" time="1.999" classname="Topgear.com.selenium.L1.Assignment">
    <failure type="org.openqa.selenium.SessionNotCreatedException" message="session not created: This version of ChromeDriver only supports Chrome version 80
Build info: version: &amp;apos;3.141.59&amp;apos;, revision: &amp;apos;e82be7d358&amp;apos;, time: &amp;apos;2018-11-14T08:17:03&amp;apos;
System info: host: &amp;apos;DESKTOP-RDCOTE9&amp;apos;, ip: &amp;apos;192.168.43.104&amp;apos;, os.name: &amp;apos;Windows 10&amp;apos;, os.arch: &amp;apos;amd64&amp;apos;, os.version: &amp;apos;10.0&amp;apos;, java.version: &amp;apos;1.8.0_221&amp;apos;
Driver info: driver.version: ChromeDriver
remote stacktrace: Backtrace:
	Ordinal0 [0x001F0C83+1707139]
	Ordinal0 [0x001568F1+1075441]
	Ordinal0 [0x000CDFC9+516041]
	Ordinal0 [0x00060554+66900]
	Ordinal0 [0x0005CCE2+52450]
	Ordinal0 [0x0007BFD7+180183]
	Ordinal0 [0x0007BDDD+179677]
	Ordinal0 [0x00079D4B+171339]
	Ordinal0 [0x00061D4A+73034]
	Ordinal0 [0x00062DC0+77248]
	Ordinal0 [0x00062D59+77145]
	Ordinal0 [0x0016BB67+1162087]
	GetHandleVerifier [0x0028A966+508998]
	GetHandleVerifier [0x0028A6A4+508292]
	GetHandleVerifier [0x0029F7B7+594583]
	GetHandleVerifier [0x0028B1D6+511158]
	Ordinal0 [0x0016402C+1130540]
	Ordinal0 [0x0016D4CB+1168587]
	Ordinal0 [0x0016D633+1168947]
	Ordinal0 [0x00185B35+1268533]
	BaseThreadInitThunk [0x74D46359+25]
	RtlGetAppContainerNamedObjectPath [0x770E7C24+228]
	RtlGetAppContainerNamedObjectPath [0x770E7BF4+180]
	(No symbol) [0x00000000]
">
      <![CDATA[org.openqa.selenium.SessionNotCreatedException: session not created: This version of ChromeDriver only supports Chrome version 80
Build info: version: '3.141.59', revision: 'e82be7d358', time: '2018-11-14T08:17:03'
System info: host: 'DESKTOP-RDCOTE9', ip: '192.168.43.104', os.name: 'Windows 10', os.arch: 'amd64', os.version: '10.0', java.version: '1.8.0_221'
Driver info: driver.version: ChromeDriver
remote stacktrace: Backtrace:
Ordinal0 [0x001F0C83+1707139]
Ordinal0 [0x001568F1+1075441]
Ordinal0 [0x000CDFC9+516041]
Ordinal0 [0x00060554+66900]
Ordinal0 [0x0005CCE2+52450]
Ordinal0 [0x0007BFD7+180183]
Ordinal0 [0x0007BDDD+179677]
Ordinal0 [0x00079D4B+171339]
Ordinal0 [0x00061D4A+73034]
Ordinal0 [0x00062DC0+77248]
Ordinal0 [0x00062D59+77145]
Ordinal0 [0x0016BB67+1162087]
GetHandleVerifier [0x0028A966+508998]
GetHandleVerifier [0x0028A6A4+508292]
GetHandleVerifier [0x0029F7B7+594583]
GetHandleVerifier [0x0028B1D6+511158]
Ordinal0 [0x0016402C+1130540]
Ordinal0 [0x0016D4CB+1168587]
Ordinal0 [0x0016D633+1168947]
Ordinal0 [0x00185B35+1268533]
BaseThreadInitThunk [0x74D46359+25]
RtlGetAppContainerNamedObjectPath [0x770E7C24+228]
RtlGetAppContainerNamedObjectPath [0x770E7BF4+180]
(No symbol) [0x00000000]

at sun.reflect.NativeConstructorAccessorImpl.newInstance0(Native Method)
at sun.reflect.NativeConstructorAccessorImpl.newInstance(Unknown Source)
at sun.reflect.DelegatingConstructorAccessorImpl.newInstance(Unknown Source)
at java.lang.reflect.Constructor.newInstance(Unknown Source)
at org.openqa.selenium.remote.W3CHandshakeResponse.lambda$errorHandler$0(W3CHandshakeResponse.java:62)
at org.openqa.selenium.remote.HandshakeResponse.lambda$getResponseFunction$0(HandshakeResponse.java:30)
at org.openqa.selenium.remote.ProtocolHandshake.lambda$createSession$0(ProtocolHandshake.java:126)
at java.util.stream.ReferencePipeline$3$1.accept(Unknown Source)
at java.util.Spliterators$ArraySpliterator.tryAdvance(Unknown Source)
at java.util.stream.ReferencePipeline.forEachWithCancel(Unknown Source)
at java.util.stream.AbstractPipeline.copyIntoWithCancel(Unknown Source)
at java.util.stream.AbstractPipeline.copyInto(Unknown Source)
at java.util.stream.AbstractPipeline.wrapAndCopyInto(Unknown Source)
at java.util.stream.FindOps$FindOp.evaluateSequential(Unknown Source)
at java.util.stream.AbstractPipeline.evaluate(Unknown Source)
at java.util.stream.ReferencePipeline.findFirst(Unknown Source)
at org.openqa.selenium.remote.ProtocolHandshake.createSession(ProtocolHandshake.java:128)
at org.openqa.selenium.remote.ProtocolHandshake.createSession(ProtocolHandshake.java:74)
at org.openqa.selenium.remote.HttpCommandExecutor.execute(HttpCommandExecutor.java:136)
at org.openqa.selenium.remote.service.DriverCommandExecutor.execute(DriverCommandExecutor.java:83)
at org.openqa.selenium.remote.RemoteWebDriver.execute(RemoteWebDriver.java:552)
at org.openqa.selenium.remote.RemoteWebDriver.startSession(RemoteWebDriver.java:213)
at org.openqa.selenium.remote.RemoteWebDriver.<init>(RemoteWebDriver.java:131)
at org.openqa.selenium.chrome.ChromeDriver.<init>(ChromeDriver.java:181)
at org.openqa.selenium.chrome.ChromeDriver.<init>(ChromeDriver.java:168)
at org.openqa.selenium.chrome.ChromeDriver.<init>(ChromeDriver.java:123)
at Topgear.com.selenium.L1.Assignment.setUpMethod(Assignment.java:58)
at sun.reflect.NativeMethodAccessorImpl.invoke0(Native Method)
at sun.reflect.NativeMethodAccessorImpl.invoke(Unknown Source)
at sun.reflect.DelegatingMethodAccessorImpl.invoke(Unknown Source)
at java.lang.reflect.Method.invoke(Unknown Source)
at org.testng.internal.MethodInvocationHelper.invokeMethod(MethodInvocationHelper.java:134)
at org.testng.internal.MethodInvocationHelper.invokeMethodConsideringTimeout(MethodInvocationHelper.java:63)
at org.testng.internal.ConfigInvoker.invokeConfigurationMethod(ConfigInvoker.java:348)
at org.testng.internal.ConfigInvoker.invokeConfigurations(ConfigInvoker.java:302)
at org.testng.internal.TestInvoker.runConfigMethods(TestInvoker.java:695)
at org.testng.internal.TestInvoker.invokeMethod(TestInvoker.java:523)
at org.testng.internal.TestInvoker.invokeTestMethod(TestInvoker.java:173)
at org.testng.internal.MethodRunner.runInSequence(MethodRunner.java:46)
at org.testng.internal.TestInvoker$MethodInvocationAgent.invoke(TestInvoker.java:816)
at org.testng.internal.TestInvoker.invokeTestMethods(TestInvoker.java:146)
at org.testng.internal.TestMethodWorker.invokeTestMethods(TestMethodWorker.java:146)
at org.testng.internal.TestMethodWorker.run(TestMethodWorker.java:128)
at java.util.ArrayList.forEach(Unknown Source)
at org.testng.TestRunner.privateRun(TestRunner.java:766)
at org.testng.TestRunner.run(TestRunner.java:587)
at org.testng.SuiteRunner.runTest(SuiteRunner.java:384)
at org.testng.SuiteRunner.runSequentially(SuiteRunner.java:378)
at org.testng.SuiteRunner.privateRun(SuiteRunner.java:337)
at org.testng.SuiteRunner.run(SuiteRunner.java:286)
at org.testng.SuiteRunnerWorker.runSuite(SuiteRunnerWorker.java:53)
at org.testng.SuiteRunnerWorker.run(SuiteRunnerWorker.java:96)
at org.testng.TestNG.runSuitesSequentially(TestNG.java:1187)
at org.testng.TestNG.runSuitesLocally(TestNG.java:1109)
at org.testng.TestNG.runSuites(TestNG.java:1039)
at org.testng.TestNG.run(TestNG.java:1007)
at org.testng.remote.AbstractRemoteTestNG.run(AbstractRemoteTestNG.java:115)
at org.testng.remote.RemoteTestNG.initAndRun(RemoteTestNG.java:251)
at org.testng.remote.RemoteTestNG.main(RemoteTestNG.java:77)
]]>
    </failure>
  </testcase> <!-- @BeforeMethod setUpMethod -->
  <testcase name="@AfterMethod tearDownMethod" time="-1.591622969296E9" classname="Topgear.com.selenium.L1.Assignment">
    <skipped/>
  </testcase> <!-- @AfterMethod tearDownMethod -->
  <testcase name="@BeforeMethod setUpMethod" time="-1.591622969303E9" classname="Topgear.com.selenium.L1.Assignment">
    <skipped/>
  </testcase> <!-- @BeforeMethod setUpMethod -->
  <testcase name="@AfterMethod tearDownMethod" time="-1.591622969308E9" classname="Topgear.com.selenium.L1.Assignment">
    <skipped/>
  </testcase> <!-- @AfterMethod tearDownMethod -->
  <testcase name="@BeforeMethod setUpMethod" time="-1.591622969309E9" classname="Topgear.com.selenium.L1.Assignment">
    <skipped/>
  </testcase> <!-- @BeforeMethod setUpMethod -->
  <testcase name="@AfterMethod tearDownMethod" time="-1.591622969312E9" classname="Topgear.com.selenium.L1.Assignment">
    <skipped/>
  </testcase> <!-- @AfterMethod tearDownMethod -->
  <testcase name="test1" time="0.0" classname="Topgear.com.selenium.L1.Assignment">
    <skipped/>
  </testcase> <!-- test1 -->
  <testcase name="test2" time="0.0" classname="Topgear.com.selenium.L1.Assignment">
    <skipped/>
  </testcase> <!-- test2 -->
  <testcase name="test3" time="0.0" classname="Topgear.com.selenium.L1.Assignment">
    <skipped/>
  </testcase> <!-- test3 -->
</testsuite> <!-- Default test -->
